0 info it worked if it ends with ok
1 verbose cli [ 'D:\\nodejs\\node.exe',
1 verbose cli   'D:\\nodejs\\node_modules\\npm\\bin\\npm-cli.js',
1 verbose cli   'run',
1 verbose cli   'start' ]
2 info using npm@3.10.10
3 info using node@v6.9.5
4 verbose run-script [ 'prestart', 'start', 'poststart' ]
5 info lifecycle webpack-one@1.0.0~prestart: webpack-one@1.0.0
6 silly lifecycle webpack-one@1.0.0~prestart: no script for prestart, continuing
7 info lifecycle webpack-one@1.0.0~start: webpack-one@1.0.0
8 verbose lifecycle webpack-one@1.0.0~start: unsafe-perm in lifecycle true
9 verbose lifecycle webpack-one@1.0.0~start: PATH: D:\nodejs\node_modules\npm\bin\node-gyp-bin;E:\github\webpack\demos\webpack-one\node_modules\.bin;C:\Users\wangrq\bin;D:\git\Git\mingw32\bin;D:\git\Git\usr\local\bin;D:\git\Git\usr\bin;D:\git\Git\usr\bin;D:\git\Git\mingw32\bin;D:\git\Git\usr\bin;C:\Users\wangrq\bin;C:\Program Files (x86)\NVIDIA Corporation\PhysX\Common;C:\Windows\system32;C:\Windows;C:\Windows\System32\Wbem;C:\Windows\System32\WindowsPowerShell\v1.0;D:\nodejs;C:\Users\wangrq\AppData\Roaming\npm;D:\git\Git\usr\bin\vendor_perl;D:\git\Git\usr\bin\core_perl
10 verbose lifecycle webpack-one@1.0.0~start: CWD: E:\github\webpack\demos\webpack-one
11 silly lifecycle webpack-one@1.0.0~start: Args: [ '/d /s /c', 'webpack' ]
12 silly lifecycle webpack-one@1.0.0~start: Returned: code: 2  signal: null
13 info lifecycle webpack-one@1.0.0~start: Failed to exec start script
14 verbose stack Error: webpack-one@1.0.0 start: `webpack`
14 verbose stack Exit status 2
14 verbose stack     at EventEmitter.<anonymous> (D:\nodejs\node_modules\npm\lib\utils\lifecycle.js:255:16)
14 verbose stack     at emitTwo (events.js:106:13)
14 verbose stack     at EventEmitter.emit (events.js:191:7)
14 verbose stack     at ChildProcess.<anonymous> (D:\nodejs\node_modules\npm\lib\utils\spawn.js:40:14)
14 verbose stack     at emitTwo (events.js:106:13)
14 verbose stack     at ChildProcess.emit (events.js:191:7)
14 verbose stack     at maybeClose (internal/child_process.js:877:16)
14 verbose stack     at Process.ChildProcess._handle.onexit (internal/child_process.js:226:5)
15 verbose pkgid webpack-one@1.0.0
16 verbose cwd E:\github\webpack\demos\webpack-one
17 error Windows_NT 6.1.7601
18 error argv "D:\\nodejs\\node.exe" "D:\\nodejs\\node_modules\\npm\\bin\\npm-cli.js" "run" "start"
19 error node v6.9.5
20 error npm  v3.10.10
21 error code ELIFECYCLE
22 error webpack-one@1.0.0 start: `webpack`
22 error Exit status 2
23 error Failed at the webpack-one@1.0.0 start script 'webpack'.
23 error Make sure you have the latest version of node.js and npm installed.
23 error If you do, this is most likely a problem with the webpack-one package,
23 error not with npm itself.
23 error Tell the author that this fails on your system:
23 error     webpack
23 error You can get information on how to open an issue for this project with:
23 error     npm bugs webpack-one
23 error Or if that isn't available, you can get their info via:
23 error     npm owner ls webpack-one
23 error There is likely additional logging output above.
24 verbose exit [ 1, true ]
